Copyright 1986-2022 Xilinx, Inc. All Rights Reserved. Copyright 2022-2023 Advanced Micro Devices, Inc. All Rights Reserved.
-------------------------------------------------------------------------------------------------------------------------------------------------
| Tool Version     : Vivado v.2023.1 (win64) Build 3865809 Sun May  7 15:05:29 MDT 2023
| Date             : Tue Mar 10 22:15:11 2026
| Host             : DESKTOP-GAA9OIO running 64-bit major release  (build 9200)
| Command          : report_power -file e:/Homework_NU/winter_project/qick/firmware/projects/tproc_452/saif_files/new_power.rpt
| Design           : qick_processor_452
| Device           : xczu48dr-ffvg1517-2-e
| Design State     : synthesized
| Grade            : extended
| Process          : typical
| Characterization : Production
-------------------------------------------------------------------------------------------------------------------------------------------------

Power Report

Table of Contents
-----------------
1. Summary
1.1 On-Chip Components
1.2 Power Supply Summary
1.3 Confidence Level
2. Settings
2.1 Environment
2.2 Clock Constraints
3. Detailed Reports
3.1 By Hierarchy

1. Summary
----------

+--------------------------+------------------------------------------------------------------------------------------+
| Total On-Chip Power (W)  | 1.537                                                                                    |
| Design Power Budget (W)  | Unspecified*                                                                             |
| Power Budget Margin (W)  | NA                                                                                       |
| Dynamic (W)              | 0.373                                                                                    |
| Device Static (W)        | 1.164                                                                                    |
| Effective TJA (C/W)      | 0.8                                                                                      |
| Max Ambient (C)          | 98.7                                                                                     |
| Junction Temperature (C) | 26.3                                                                                     |
| Confidence Level         | Medium                                                                                   |
| Setting File             | ---                                                                                      |
| Simulation Activity File | e:/Homework_NU/winter_project/qick/firmware/projects/tproc_452/saif_files/new_tproc.saif |
| Design Nets Matched      | 32%   (5008/15620)                                                                       |
+--------------------------+------------------------------------------------------------------------------------------+
* Specify Design Power Budget using, set_operating_conditions -design_power_budget <value in Watts>


1.1 On-Chip Components
----------------------

+----------------+-----------+----------+-----------+-----------------+
| On-Chip        | Power (W) | Used     | Available | Utilization (%) |
+----------------+-----------+----------+-----------+-----------------+
| Clocks         |     0.041 |        5 |       --- |             --- |
| CLB Logic      |     0.002 |    11291 |       --- |             --- |
|   LUT as Logic |     0.002 |     5436 |    425280 |            1.28 |
|   Register     |    <0.001 |     4477 |    850560 |            0.53 |
|   CARRY8       |    <0.001 |       57 |     53160 |            0.11 |
|   Others       |     0.000 |      141 |       --- |             --- |
|   F7/F8 Muxes  |     0.000 |      451 |    425280 |            0.11 |
| Signals        |     0.002 |     9851 |       --- |             --- |
| Block RAM      |     0.019 |       13 |      1080 |            1.20 |
| DSPs           |     0.002 |        2 |      4272 |            0.05 |
| I/O            |     0.306 |     1546 |       347 |          445.53 |
| Static Power   |     1.164 |          |           |                 |
| Total          |     1.537 |          |           |                 |
+----------------+-----------+----------+-----------+-----------------+


1.2 Power Supply Summary
------------------------

+-----------------+-------------+-----------+-------------+------------+-------------+-------------+------------+
| Source          | Voltage (V) | Total (A) | Dynamic (A) | Static (A) | Powerup (A) | Budget (A)  | Margin (A) |
+-----------------+-------------+-----------+-------------+------------+-------------+-------------+------------+
| Vccint          |       0.850 |     0.355 |       0.078 |      0.278 |       NA    | Unspecified | NA         |
| Vccint_io       |       0.850 |     0.075 |       0.005 |      0.070 |       NA    | Unspecified | NA         |
| Vccbram         |       0.850 |     0.005 |       0.001 |      0.004 |       NA    | Unspecified | NA         |
| Vccaux          |       1.800 |     0.281 |       0.000 |      0.281 |       NA    | Unspecified | NA         |
| Vccaux_io       |       1.800 |     0.212 |       0.155 |      0.058 |       NA    | Unspecified | NA         |
| Vcco33          |       3.300 |     0.000 |       0.000 |      0.000 |       NA    | Unspecified | NA         |
| Vcco25          |       2.500 |     0.000 |       0.000 |      0.000 |       NA    | Unspecified | NA         |
| Vcco18          |       1.800 |     0.013 |       0.013 |      0.000 |       NA    | Unspecified | NA         |
| Vcco15          |       1.500 |     0.000 |       0.000 |      0.000 |       NA    | Unspecified | NA         |
| Vcco135         |       1.350 |     0.000 |       0.000 |      0.000 |       NA    | Unspecified | NA         |
| Vcco12          |       1.200 |     0.000 |       0.000 |      0.000 |       NA    | Unspecified | NA         |
| Vcco10          |       1.000 |     0.000 |       0.000 |      0.000 |       NA    | Unspecified | NA         |
| Vccadc          |       1.800 |     0.008 |       0.000 |      0.008 |       NA    | Unspecified | NA         |
| VCC_PSINTFP     |       0.850 |     0.000 |       0.000 |      0.000 |       NA    | Unspecified | NA         |
| VCC_PSINTLP     |       0.850 |     0.005 |       0.000 |      0.005 |       NA    | Unspecified | NA         |
| VPS_MGTRAVCC    |       0.850 |     0.000 |       0.000 |      0.000 |       NA    | Unspecified | NA         |
| VCC_PSINTFP_DDR |       0.850 |     0.000 |       0.000 |      0.000 |       NA    | Unspecified | NA         |
| VCC_PSPLL       |       1.200 |     0.002 |       0.000 |      0.002 |       NA    | Unspecified | NA         |
| VPS_MGTRAVTT    |       1.800 |     0.000 |       0.000 |      0.000 |       NA    | Unspecified | NA         |
| VCCO_PSDDR_504  |       1.200 |     0.000 |       0.000 |      0.000 |       NA    | Unspecified | NA         |
| VCC_PSAUX       |       1.800 |     0.002 |       0.000 |      0.002 |       NA    | Unspecified | NA         |
| VCC_PSBATT      |       1.200 |     0.000 |       0.000 |      0.000 |       NA    | Unspecified | NA         |
| VCC_PSDDR_PLL   |       1.800 |     0.000 |       0.000 |      0.000 |       NA    | Unspecified | NA         |
| VCCO_PSIO0_500  |       3.300 |     0.000 |       0.000 |      0.000 |       NA    | Unspecified | NA         |
| VCCO_PSIO1_501  |       3.300 |     0.000 |       0.000 |      0.000 |       NA    | Unspecified | NA         |
| VCCO_PSIO2_502  |       3.300 |     0.000 |       0.000 |      0.000 |       NA    | Unspecified | NA         |
| VCCO_PSIO3_503  |       3.300 |     0.000 |       0.000 |      0.000 |       NA    | Unspecified | NA         |
| VCC_PSADC       |       1.800 |     0.002 |       0.000 |      0.002 |       NA    | Unspecified | NA         |
| VCCINT_AMS      |       0.850 |     0.023 |       0.000 |      0.023 |       NA    | Unspecified | NA         |
| DACAVCC         |       0.925 |     0.009 |       0.000 |      0.009 |       NA    | Unspecified | NA         |
| DACAVCCAUX      |       1.800 |     0.001 |       0.000 |      0.001 |       NA    | Unspecified | NA         |
| DACAVTT         |       2.500 |     0.010 |       0.000 |      0.010 |       NA    | Unspecified | NA         |
| ADCAVCC         |       0.925 |     0.111 |       0.000 |      0.111 |       NA    | Unspecified | NA         |
| ADCAVCCAUX      |       1.800 |     0.027 |       0.000 |      0.027 |       NA    | Unspecified | NA         |
| VCCSDFEC        |       0.850 |     0.027 |       0.000 |      0.027 |       NA    | Unspecified | NA         |
| MGTYAVcc        |       0.900 |     0.000 |       0.000 |      0.000 |       NA    | Unspecified | NA         |
| MGTYAVtt        |       1.200 |     0.000 |       0.000 |      0.000 |       NA    | Unspecified | NA         |
| MGTYVccaux      |       1.800 |     0.000 |       0.000 |      0.000 |       NA    | Unspecified | NA         |
+-----------------+-------------+-----------+-------------+------------+-------------+-------------+------------+


1.3 Confidence Level
--------------------

+-----------------------------+------------+-------------------------------------------------------+----------------------------------------------------------------------------------------------------------+
| User Input Data             | Confidence | Details                                               | Action                                                                                                   |
+-----------------------------+------------+-------------------------------------------------------+----------------------------------------------------------------------------------------------------------+
| Design implementation state | Low        | Design is synthesized                                 | Accuracy of the tool is not optimal until design is fully placed and routed                              |
| Clock nodes activity        | High       | User specified more than 95% of clocks                |                                                                                                          |
| I/O nodes activity          | Medium     | More than 5% of inputs are missing user specification | Provide missing input activity with simulation results or by editing the "By Resource Type -> I/Os" view |
| Internal nodes activity     | High       | User specified more than 25% of internal nodes        |                                                                                                          |
| Device models               | High       | Device models are Production                          |                                                                                                          |
|                             |            |                                                       |                                                                                                          |
| Overall confidence level    | Medium     |                                                       |                                                                                                          |
+-----------------------------+------------+-------------------------------------------------------+----------------------------------------------------------------------------------------------------------+


2. Settings
-----------

2.1 Environment
---------------

+-----------------------+--------------------------+
| Ambient Temp (C)      | 25.0                     |
| ThetaJA (C/W)         | 0.8                      |
| Airflow (LFM)         | 250                      |
| Heat Sink             | medium (Medium Profile)  |
| ThetaSA (C/W)         | 1.2                      |
| Board Selection       | medium (10"x10")         |
| # of Board Layers     | 12to15 (12 to 15 Layers) |
| Board Temperature (C) | 25.0                     |
+-----------------------+--------------------------+


2.2 Clock Constraints
---------------------

+----------+----------+-----------------+
| Clock    | Domain   | Constraint (ns) |
+----------+----------+-----------------+
| c_clk_i  | c_clk_i  |             5.0 |
| ps_clk_i | ps_clk_i |            10.0 |
| t_clk_i  | t_clk_i  |             2.0 |
+----------+----------+-----------------+


3. Detailed Reports
-------------------

3.1 By Hierarchy
----------------

+---------------------------------+-----------+
| Name                            | Power (W) |
+---------------------------------+-----------+
| qick_processor_452              |     0.373 |
|   CORE_0                        |     0.028 |
|     CORE_CPU                    |     0.012 |
|       ctrl_hzrd                 |     0.002 |
|       reg_bank                  |     0.007 |
|     CORE_MEM                    |     0.016 |
|       D_MEM                     |     0.002 |
|       P_MEM                     |     0.001 |
|       W_MEM                     |     0.012 |
|   DISPATCHER                    |     0.023 |
|     DATA_PORT[0].data_fifo_inst |     0.005 |
|       xpm_fifo_async_inst       |     0.004 |
|     TRIG_PORT[0].trig_fifo_inst |     0.005 |
|       xpm_fifo_async_inst       |     0.004 |
|     WAVE_PORT[0].wave_fifo_inst |     0.006 |
|       xpm_fifo_async_inst       |     0.006 |
|   QMEM_CTRL                     |     0.002 |
|   QPER_ARITH.ARITH              |     0.002 |
|     ARITH_DSP                   |     0.001 |
|       U0                        |     0.001 |
|   QPER_DIV.DIV                  |     0.001 |
|   QPROC_CTRL                    |     0.006 |
|     QTIME_CTRL                  |     0.002 |
|       TIME_ADDER                |     0.002 |
|   QPROC_xREG                    |     0.002 |
|     QPROC_xREG                  |     0.002 |
+---------------------------------+-----------+


